[2020-04-27T18:47:22.096488+00:00] PHRETS.DEBUG: Loading Monolog\Logger logger [] []
[2020-04-27T18:47:22.096942+00:00] PHRETS.DEBUG: Sending HTTP Request for http://data.crea.ca/Login.svc/Login (Login) {"auth":["uXvnxiisaUUerrMBzJHJieqh","vpCsrh5Qbw3yxrVUA0WJGRw0","digest"],"headers":{"User-Agent":"DansAgent/1.0","RETS-Version":"RETS/1.7.2","Accept-Encoding":"gzip","Accept":"*/*"},"curl":{"10031":"/private/tmp/phretsAhDbjx"}} []
[2020-04-27T18:47:23.455020+00:00] PHRETS.DEBUG: Response: HTTP 200 [] []
[2020-04-27T18:47:52.325086+00:00] PHRETS.DEBUG: Loading Monolog\Logger logger [] []
[2020-04-27T18:47:52.325540+00:00] PHRETS.DEBUG: Sending HTTP Request for http://data.crea.ca/Login.svc/Login (Login) {"auth":["uXvnxiisaUUerrMBzJHJieqh","vpCsrh5Qbw3yxrVUA0WJGRw0","digest"],"headers":{"User-Agent":"DansAgent/1.0","RETS-Version":"RETS/1.7.2","Accept-Encoding":"gzip","Accept":"*/*"},"curl":{"10031":"/private/tmp/phretsquikGa"}} []
[2020-04-27T18:47:52.733176+00:00] PHRETS.DEBUG: Response: HTTP 200 [] []
[2020-04-27T18:48:20.785459+00:00] PHRETS.DEBUG: Loading Monolog\Logger logger [] []
[2020-04-27T18:48:20.786365+00:00] PHRETS.DEBUG: Sending HTTP Request for http://data.crea.ca/Login.svc/Login (Login) {"auth":["uXvnxiisaUUerrMBzJHJieqh","vpCsrh5Qbw3yxrVUA0WJGRw0","digest"],"headers":{"User-Agent":"DansAgent/1.0","RETS-Version":"RETS/1.7.2","Accept-Encoding":"gzip","Accept":"*/*"},"curl":{"10031":"/private/tmp/phretsnUPTgq"}} []
[2020-04-27T18:48:22.437900+00:00] PHRETS.DEBUG: Response: HTTP 200 [] []
[2020-04-27T18:48:22.438842+00:00] PHRETS.DEBUG: Sending HTTP Request for http://data.crea.ca/Search.svc/Search (Search) {"auth":["uXvnxiisaUUerrMBzJHJieqh","vpCsrh5Qbw3yxrVUA0WJGRw0","digest"],"headers":{"User-Agent":"DansAgent/1.0","RETS-Version":"RETS/1.7.2","Accept-Encoding":"gzip","Accept":"*/*"},"curl":{"10031":"/private/tmp/phretsx1imkU"},"query":{"SearchType":"Property","Class":"A","Query":"*","QueryType":"DMQL2","Count":1,"Format":"COMPACT-DECODED","Limit":10,"StandardNames":0,"Select":"List_105"}} []
[2020-04-27T18:48:22.651161+00:00] PHRETS.DEBUG: Response: HTTP 200 [] []
[2020-04-27T19:04:17.005932+00:00] PHRETS.DEBUG: Loading Monolog\Logger logger [] []
[2020-04-27T19:04:17.006419+00:00] PHRETS.DEBUG: Sending HTTP Request for http://data.crea.ca/Login.svc/Login (Login) {"auth":["uXvnxiisaUUerrMBzJHJieqh","vpCsrh5Qbw3yxrVUA0WJGRw0","digest"],"headers":{"User-Agent":"DansAgent/1.0","RETS-Version":"RETS/1.7.2","Accept-Encoding":"gzip","Accept":"*/*"},"curl":{"10031":"/private/tmp/phrets1wVKiW"}} []
[2020-04-27T19:04:17.542066+00:00] PHRETS.DEBUG: Response: HTTP 200 [] []
[2020-04-27T19:04:17.542973+00:00] PHRETS.DEBUG: Sending HTTP Request for http://data.crea.ca/Search.svc/Search (Search) {"auth":["uXvnxiisaUUerrMBzJHJieqh","vpCsrh5Qbw3yxrVUA0WJGRw0","digest"],"headers":{"User-Agent":"DansAgent/1.0","RETS-Version":"RETS/1.7.2","Accept-Encoding":"gzip","Accept":"*/*"},"curl":{"10031":"/private/tmp/phretsJt3y1F"},"query":{"SearchType":"Property","Class":"A","Query":"*","QueryType":"DMQL2","Count":1,"Format":"COMPACT-DECODED","Limit":99999999,"StandardNames":0}} []
[2020-04-27T19:04:19.686903+00:00] PHRETS.DEBUG: Response: HTTP 200 [] []
[2020-04-27T19:07:06.675095+00:00] PHRETS.DEBUG: Loading Monolog\Logger logger [] []
[2020-04-27T19:07:06.675946+00:00] PHRETS.DEBUG: Sending HTTP Request for http://data.crea.ca/Login.svc/Login (Login) {"auth":["uXvnxiisaUUerrMBzJHJieqh","vpCsrh5Qbw3yxrVUA0WJGRw0","digest"],"headers":{"User-Agent":"DansAgent/1.0","RETS-Version":"RETS/1.7.2","Accept-Encoding":"gzip","Accept":"*/*"},"curl":{"10031":"/private/tmp/phretsZrZliF"}} []
[2020-04-27T19:07:07.729703+00:00] PHRETS.DEBUG: Response: HTTP 200 [] []
[2020-04-27T19:07:07.730488+00:00] PHRETS.DEBUG: Sending HTTP Request for http://data.crea.ca/Metadata.svc/GetMetadata (GetMetadata) {"auth":["uXvnxiisaUUerrMBzJHJieqh","vpCsrh5Qbw3yxrVUA0WJGRw0","digest"],"headers":{"User-Agent":"DansAgent/1.0","RETS-Version":"RETS/1.7.2","Accept-Encoding":"gzip","Accept":"*/*"},"curl":{"10031":"/private/tmp/phretsytK71c"},"query":{"Type":"METADATA-SYSTEM","ID":0,"Format":"STANDARD-XML"}} []
[2020-04-27T19:07:07.985373+00:00] PHRETS.DEBUG: Response: HTTP 200 [] []
[2020-04-27T19:14:55.985692+00:00] PHRETS.DEBUG: Loading Monolog\Logger logger [] []
[2020-04-27T19:14:55.986808+00:00] PHRETS.DEBUG: Sending HTTP Request for http://data.crea.ca/Login.svc/Login (Login) {"auth":["uXvnxiisaUUerrMBzJHJieqh","vpCsrh5Qbw3yxrVUA0WJGRw0","digest"],"headers":{"User-Agent":"DansAgent/1.0","RETS-Version":"RETS/1.7.2","Accept-Encoding":"gzip","Accept":"*/*"},"curl":{"10031":"/private/tmp/phretsyo2flt"}} []
[2020-04-27T19:14:56.991498+00:00] PHRETS.DEBUG: Response: HTTP 200 [] []
[2020-04-27T19:14:56.992927+00:00] PHRETS.DEBUG: Sending HTTP Request for http://data.crea.ca/Metadata.svc/GetMetadata (GetMetadata) {"auth":["uXvnxiisaUUerrMBzJHJieqh","vpCsrh5Qbw3yxrVUA0WJGRw0","digest"],"headers":{"User-Agent":"DansAgent/1.0","RETS-Version":"RETS/1.7.2","Accept-Encoding":"gzip","Accept":"*/*"},"curl":{"10031":"/private/tmp/phretsfTOaCv"},"query":{"Type":"METADATA-SYSTEM","ID":0,"Format":"STANDARD-XML"}} []
[2020-04-27T19:14:57.332518+00:00] PHRETS.DEBUG: Response: HTTP 200 [] []
[2020-04-27T19:15:22.731559+00:00] PHRETS.DEBUG: Loading Monolog\Logger logger [] []
[2020-04-27T19:15:22.732008+00:00] PHRETS.DEBUG: Sending HTTP Request for http://data.crea.ca/Login.svc/Login (Login) {"auth":["uXvnxiisaUUerrMBzJHJieqh","vpCsrh5Qbw3yxrVUA0WJGRw0","digest"],"headers":{"User-Agent":"DansAgent/1.0","RETS-Version":"RETS/1.7.2","Accept-Encoding":"gzip","Accept":"*/*"},"curl":{"10031":"/private/tmp/phretsT7e43K"}} []
[2020-04-27T19:15:24.120633+00:00] PHRETS.DEBUG: Response: HTTP 200 [] []
[2020-04-27T19:15:24.121765+00:00] PHRETS.DEBUG: Sending HTTP Request for http://data.crea.ca/Metadata.svc/GetMetadata (GetMetadata) {"auth":["uXvnxiisaUUerrMBzJHJieqh","vpCsrh5Qbw3yxrVUA0WJGRw0","digest"],"headers":{"User-Agent":"DansAgent/1.0","RETS-Version":"RETS/1.7.2","Accept-Encoding":"gzip","Accept":"*/*"},"curl":{"10031":"/private/tmp/phretsOeVhzK"},"query":{"Type":"METADATA-SYSTEM","ID":0,"Format":"STANDARD-XML"}} []
[2020-04-27T19:15:24.415916+00:00] PHRETS.DEBUG: Response: HTTP 200 [] []
[2020-04-27T19:15:24.417738+00:00] PHRETS.DEBUG: Sending HTTP Request for http://data.crea.ca/Search.svc/Search (Search) {"auth":["uXvnxiisaUUerrMBzJHJieqh","vpCsrh5Qbw3yxrVUA0WJGRw0","digest"],"headers":{"User-Agent":"DansAgent/1.0","RETS-Version":"RETS/1.7.2","Accept-Encoding":"gzip","Accept":"*/*"},"curl":{"10031":"/private/tmp/phrets0MBCK3"},"query":{"SearchType":"Property","Class":"Property","Query":"(LastUpdated=2000-01-01T00:00:00+)","QueryType":"DMQL2","Count":1,"Format":"COMPACT-DECODED","Limit":99999999,"StandardNames":0}} []
[2020-04-27T19:15:25.284543+00:00] PHRETS.DEBUG: Response: HTTP 200 [] []
